<?xml version="1.0" encoding="UTF-8"?>
<!-- Generated by org.testng.reporters.JUnitReportReporter -->
<testsuite skipped="0" hostname="SANTHOSH-PC" name="test.TC003_Delete" tests="1" failures="0" timestamp="05 Sep 2018 07:15:39 GMT" time="33.744" errors="0">
  <testcase name="deleteLead" time="33.744" classname="test.TC003_Delete"/>
</testsuite> <!-- test.TC003_Delete -->
