<?xml version="1.0" encoding="UTF-8"?>
<!-- Generated by org.testng.reporters.JUnitReportReporter -->
<testsuite skipped="0" hostname="DESKTOP-3H06R2P" name="testcases.TC005_MergeLead" tests="2" failures="0" timestamp="29 Aug 2018 11:41:54 GMT" time="42.079" errors="0">
  <testcase name="mergeLead" time="22.710" classname="testcases.TC005_MergeLead"/>
  <testcase name="mergeLead" time="19.369" classname="testcases.TC005_MergeLead"/>
</testsuite> <!-- testcases.TC005_MergeLead -->
