<?xml version="1.0" encoding="UTF-8"?>
<!-- Generated by org.testng.reporters.JUnitReportReporter -->
<testsuite skipped="0" hostname="DESKTOP-3H06R2P" name="testcases.TC003_DeleteLead" tests="2" failures="0" timestamp="29 Aug 2018 11:41:54 GMT" time="37.150" errors="0">
  <testcase name="deleteLead" time="18.489" classname="testcases.TC003_DeleteLead"/>
  <testcase name="deleteLead" time="18.661" classname="testcases.TC003_DeleteLead"/>
</testsuite> <!-- testcases.TC003_DeleteLead -->
