<?xml version="1.0" encoding="UTF-8"?>
<!-- Generated by org.testng.reporters.JUnitReportReporter -->
<testsuite skipped="0" hostname="dell-PC" name="test.TC001_LoginAndLogout" tests="2" failures="0" timestamp="06 Sep 2018 04:34:22 GMT" time="20.367" errors="0">
  <testcase name="loginAndLogout" time="10.201" classname="test.TC001_LoginAndLogout"/>
  <testcase name="loginAndLogout" time="10.166" classname="test.TC001_LoginAndLogout"/>
</testsuite> <!-- test.TC001_LoginAndLogout -->
