<?xml version="1.0" encoding="UTF-8"?>
<!-- Generated by org.testng.reporters.JUnitReportReporter -->
<testsuite skipped="0" hostname="DESKTOP-3H06R2P" name="testcases.TC004_DuplicateLead" tests="2" failures="0" timestamp="29 Aug 2018 11:41:54 GMT" time="36.205" errors="0">
  <testcase name="duplicateLead" time="18.918" classname="testcases.TC004_DuplicateLead"/>
  <testcase name="duplicateLead" time="17.287" classname="testcases.TC004_DuplicateLead"/>
</testsuite> <!-- testcases.TC004_DuplicateLead -->
