<?xml version="1.0" encoding="UTF-8"?>
<!-- Generated by org.testng.reporters.JUnitReportReporter -->
<testsuite skipped="0" hostname="dell-PC" name="string.LearnStringMethods" tests="1" failures="0" timestamp="06 Sep 2018 06:21:20 GMT" time="0.012" errors="0">
  <testcase name="sample" time="0.012" classname="string.LearnStringMethods"/>
</testsuite> <!-- string.LearnStringMethods -->
