<?xml version="1.0" encoding="UTF-8"?>
<!-- Generated by org.testng.reporters.JUnitReportReporter -->
<testsuite skipped="0" hostname="DESKTOP-3H06R2P" name="testcases.TC001_CreateLead" tests="2" failures="0" timestamp="03 Sep 2018 04:11:26 GMT" time="48.793" errors="0">
  <testcase name="createLead" time="20.378" classname="testcases.TC001_CreateLead"/>
  <testcase name="createLead" time="28.415" classname="testcases.TC001_CreateLead"/>
</testsuite> <!-- testcases.TC001_CreateLead -->
