<?xml version="1.0" encoding="UTF-8"?>
<!-- Generated by org.testng.reporters.JUnitReportReporter -->
<testsuite skipped="0" hostname="DESKTOP-3H06R2P" name="test.TC001_LoginAndLogout" tests="2" failures="0" timestamp="03 Sep 2018 05:17:44 GMT" time="24.025" errors="0">
  <testcase name="loginAndLogout" time="11.316" classname="test.TC001_LoginAndLogout"/>
  <testcase name="loginAndLogout" time="12.709" classname="test.TC001_LoginAndLogout"/>
</testsuite> <!-- test.TC001_LoginAndLogout -->
