<?xml version="1.0" encoding="UTF-8"?>
<!-- Generated by org.testng.reporters.JUnitReportReporter -->
<testsuite skipped="0" hostname="SANTHOSH-PC" name="test.TC001_CreateLead" tests="2" failures="0" timestamp="04 Sep 2018 07:25:27 GMT" time="49.315" errors="0">
  <testcase name="createLead" time="26.814" classname="test.TC001_CreateLead"/>
  <testcase name="createLead" time="22.501" classname="test.TC001_CreateLead"/>
</testsuite> <!-- test.TC001_CreateLead -->
