<?xml version="1.0" encoding="UTF-8"?>
<!-- Generated by org.testng.reporters.JUnitReportReporter -->
<testsuite skipped="0" hostname="DESKTOP-3H06R2P" name="testcases.TC002_EditLead" tests="2" failures="0" timestamp="29 Aug 2018 11:41:54 GMT" time="35.968" errors="0">
  <testcase name="editLead" time="17.617" classname="testcases.TC002_EditLead"/>
  <testcase name="editLead" time="18.351" classname="testcases.TC002_EditLead"/>
</testsuite> <!-- testcases.TC002_EditLead -->
