<?xml version="1.0" encoding="UTF-8"?>
<!-- Generated by org.testng.reporters.JUnitReportReporter -->
<testsuite skipped="0" hostname="dell-PC" name="string.ReverseString" tests="1" failures="0" timestamp="06 Sep 2018 06:52:36 GMT" time="0.009" errors="0">
  <testcase name="way2" time="0.009" classname="string.ReverseString"/>
</testsuite> <!-- string.ReverseString -->
