<?xml version="1.0" encoding="UTF-8"?>
<!-- Generated by org.testng.reporters.JUnitReportReporter -->
<testsuite skipped="0" hostname="SANTHOSH-PC" name="test.TC002_Edit" tests="2" failures="0" timestamp="04 Sep 2018 13:38:30 GMT" time="115.715" errors="0">
  <testcase name="editLead" time="67.717" classname="test.TC002_Edit"/>
  <testcase name="editLead" time="47.998" classname="test.TC002_Edit"/>
</testsuite> <!-- test.TC002_Edit -->
